<?xml version="1.0" encoding="UTF-8"?>
<!-- Generated by org.testng.reporters.JUnitReportReporter -->
<testsuite hostname="AMIT" name="Mavenproject.Revision" tests="1" failures="0" timestamp="3 Jun 2019 09:48:20 GMT" time="0.018" errors="0">
  <testcase name="reuse" time="0.018" classname="Mavenproject.Revision"/>
</testsuite> <!-- Mavenproject.Revision -->
