<?xml version="1.0" encoding="UTF-8"?>
<!-- Generated by org.testng.reporters.JUnitReportReporter -->
<testsuite hostname="AMIT" name="Mavenproject.Demo1" tests="1" failures="0" timestamp="6 Jun 2019 11:50:09 GMT" time="15.901" errors="0">
  <testcase name="reunit" time="15.901" classname="Mavenproject.Demo1"/>
</testsuite> <!-- Mavenproject.Demo1 -->
